Deploy complete @ Sat Aug 22 2020 21:40:26 GMT-0700 (Pacific Daylight Time). added/changed 1 file(s): snippets/instafeed.liquid.
Deploy complete @ Sat Aug 22 2020 21:40:29 GMT-0700 (Pacific Daylight Time). added/changed 1 file(s): assets/theme.scss.liquid.
Deploy complete @ Sat Aug 22 2020 21:40:31 GMT-0700 (Pacific Daylight Time). added/changed 1 file(s): sections/blocks-instagram.liquid.
Deploy complete @ Sat Aug 22 2020 21:41:00 GMT-0700 (Pacific Daylight Time). added/changed 1 file(s): sections/blocks-instagram.liquid.
Deploy complete @ Sat Aug 22 2020 21:41:08 GMT-0700 (Pacific Daylight Time). added/changed 1 file(s): sections/blocks-instagram.liquid.
Deploy complete @ Sat Aug 22 2020 21:41:13 GMT-0700 (Pacific Daylight Time). added/changed 1 file(s): sections/blocks-instagram.liquid.
Deploy complete @ Sat Aug 22 2020 21:41:16 GMT-0700 (Pacific Daylight Time). added/changed 1 file(s): sections/blocks-instagram.liquid.
Deploy complete @ Sat Aug 22 2020 21:41:25 GMT-0700 (Pacific Daylight Time). added/changed 1 file(s): sections/blocks-instagram.liquid.
Deploy complete @ Sat Aug 22 2020 21:43:10 GMT-0700 (Pacific Daylight Time). added/changed 1 file(s): snippets/instafeed.liquid.
Deploy complete @ Sat Aug 22 2020 21:43:39 GMT-0700 (Pacific Daylight Time). added/changed 1 file(s): assets/theme.scss.liquid.
Deploy complete @ Sat Aug 22 2020 21:43:47 GMT-0700 (Pacific Daylight Time). added/changed 1 file(s): assets/theme.scss.liquid.
Deploy complete @ Sat Aug 22 2020 21:43:53 GMT-0700 (Pacific Daylight Time). added/changed 1 file(s): assets/theme.scss.liquid.
Deploy complete @ Sat Aug 22 2020 21:43:56 GMT-0700 (Pacific Daylight Time). added/changed 1 file(s): assets/theme.scss.liquid.
Deploy complete @ Sat Aug 22 2020 21:44:00 GMT-0700 (Pacific Daylight Time). added/changed 1 file(s): assets/theme.scss.liquid.
Deploy complete @ Sat Aug 22 2020 21:44:06 GMT-0700 (Pacific Daylight Time). added/changed 1 file(s): assets/theme.scss.liquid.
Deploy complete @ Sat Aug 22 2020 21:44:42 GMT-0700 (Pacific Daylight Time). added/changed 1 file(s): assets/theme.scss.liquid.
Deploy complete @ Sat Aug 22 2020 21:46:30 GMT-0700 (Pacific Daylight Time). added/changed 1 file(s): assets/theme.scss.liquid.
Deploy complete @ Sat Aug 22 2020 21:46:37 GMT-0700 (Pacific Daylight Time). added/changed 1 file(s): assets/theme.scss.liquid.
Deploy complete @ Sat Aug 22 2020 21:46:40 GMT-0700 (Pacific Daylight Time). added/changed 1 file(s): assets/theme.scss.liquid.
Deploy complete @ Sat Aug 22 2020 21:46:43 GMT-0700 (Pacific Daylight Time). added/changed 1 file(s): assets/theme.scss.liquid.
Deploy complete @ Sat Aug 22 2020 21:46:56 GMT-0700 (Pacific Daylight Time). added/changed 1 file(s): sections/footer.liquid.
Deploy complete @ Sat Aug 22 2020 21:47:04 GMT-0700 (Pacific Daylight Time). added/changed 1 file(s): sections/footer.liquid.
Deploy complete @ Sat Aug 22 2020 21:47:06 GMT-0700 (Pacific Daylight Time). added/changed 1 file(s): sections/footer.liquid.
Deploy complete @ Sat Aug 22 2020 21:47:12 GMT-0700 (Pacific Daylight Time). added/changed 1 file(s): assets/theme.scss.liquid.
Deploy complete @ Sat Aug 22 2020 21:48:59 GMT-0700 (Pacific Daylight Time). added/changed 1 file(s): assets/vendor.js.
